Traceback (most recent call last):
  File "/usr/local/lib/python3.11/dist-packages/jupyter_cache/executors/utils.py", line 58, in single_nb_execution
    executenb(
  File "/usr/local/lib/python3.11/dist-packages/nbclient/client.py", line 1319, in execute
    return NotebookClient(nb=nb, resources=resources, km=km, **kwargs).execute()
           ^^^^^^^^^^^^^^^^^^^^^^^^^^^^^^^^^^^^^^^^^^^^^^^^^^^^^^^^^^^^^^^^^^^^^
  File "/usr/local/lib/python3.11/dist-packages/jupyter_core/utils/__init__.py", line 165, in wrapped
    return loop.run_until_complete(inner)
           ^^^^^^^^^^^^^^^^^^^^^^^^^^^^^^
  File "/usr/lib/python3.11/asyncio/base_events.py", line 654, in run_until_complete
    return future.result()
           ^^^^^^^^^^^^^^^
  File "/usr/local/lib/python3.11/dist-packages/nbclient/client.py", line 709, in async_execute
    await self.async_execute_cell(
  File "/usr/local/lib/python3.11/dist-packages/nbclient/client.py", line 1062, in async_execute_cell
    await self._check_raise_for_error(cell, cell_index, exec_reply)
  File "/usr/local/lib/python3.11/dist-packages/nbclient/client.py", line 918, in _check_raise_for_error
    raise CellExecutionError.from_cell_and_msg(cell, exec_reply_content)
nbclient.exceptions.CellExecutionError: An error occurred while executing the following cell:
------------------
from sklearn.decomposition import PCA
import matplotlib.pyplot as plt
val_X = df[['petal length', 'petal width', 'sepal length', 'sepal width']].values
# Lakukan PCA untuk mereduksi data ke 2 dimensi
pca = PCA(n_components=2)
val_X_pca = pca.fit_transform(val_X)

# Proyeksikan juga centroid ke ruang PCA
centroidsC2_pca = pca.transform(centroidsC2)

# Plot hasil klaster
plt.figure(figsize=(8, 6))
colors = ['red', 'blue']

for i in range(2):  # Karena k=2
    plt.scatter(
        val_X_pca[labelC2 == i, 0],
        val_X_pca[labelC2 == i, 1],
        s=50,
        c=colors[i],
        label=f'Cluster {i}'
    )

# Plot centroid
plt.scatter(
    centroidsC2_pca[:, 0], centroidsC2_pca[:, 1],
    s=200,
    c='yellow',
    edgecolor='black',
    marker='X',
    label='Centroid'
)

plt.title('KMeans Clustering with PCA (2D Projection)')
plt.xlabel('Principal Component 1')
plt.ylabel('Principal Component 2')
plt.legend()
plt.grid(True)
plt.show()

------------------


[0;31m---------------------------------------------------------------------------[0m
[0;31mNameError[0m                                 Traceback (most recent call last)
[0;32m<ipython-input-4-58497f03b367>[0m in [0;36m<cell line: 0>[0;34m()[0m
[1;32m      7[0m [0;34m[0m[0m
[1;32m      8[0m [0;31m# Proyeksikan juga centroid ke ruang PCA[0m[0;34m[0m[0;34m[0m[0m
[0;32m----> 9[0;31m [0mcentroidsC2_pca[0m [0;34m=[0m [0mpca[0m[0;34m.[0m[0mtransform[0m[0;34m([0m[0mcentroidsC2[0m[0;34m)[0m[0;34m[0m[0;34m[0m[0m
[0m[1;32m     10[0m [0;34m[0m[0m
[1;32m     11[0m [0;31m# Plot hasil klaster[0m[0;34m[0m[0;34m[0m[0m

[0;31mNameError[0m: name 'centroidsC2' is not defined

